Command line:
   top_isim_beh.exe
     -simmode  gui
     -simrunnum  0
     -socket  42499

Wed Nov  6 18:22:06 2019


 Elaboration Time: 0 sec

 Current Memory Usage: 181.338 Meg

 Total Signals          : 38
 Total Nets             : 58
 Total Signal Drivers   : 22
 Total Blocks           : 3
 Total Primitive Blocks : 2
 Total Processes        : 25
 Total Traceable Variables  : 30
 Total Scalar Nets and Variables : 416
Total Line Count : 55

 Total Simulation Time: 0.02 sec

 Current Memory Usage: 256.84 Meg

Wed Nov  6 18:22:09 2019

