Command line:
   disp_tb_isim_beh.exe
     -simmode  gui
     -simrunnum  0
     -socket  36133

Wed Nov  6 14:22:34 2019


 Elaboration Time: 0.01 sec

 Current Memory Usage: 181.338 Meg

 Total Signals          : 32
 Total Nets             : 41
 Total Signal Drivers   : 16
 Total Blocks           : 3
 Total Primitive Blocks : 2
 Total Processes        : 21
 Total Traceable Variables  : 31
 Total Scalar Nets and Variables : 400
Total Line Count : 44

 Total Simulation Time: 0.04 sec

 Current Memory Usage: 256.84 Meg

Wed Nov  6 14:28:17 2019

