Command line:
   pixel_itr_isim_beh.exe
     -simmode  gui
     -simrunnum  1
     -socket  42583

Mon Nov 11 23:56:21 2019


 Elaboration Time: 0.01 sec

 Current Memory Usage: 181.338 Meg

 Total Signals          : 23
 Total Nets             : 41
 Total Signal Drivers   : 12
 Total Blocks           : 2
 Total Primitive Blocks : 2
 Total Processes        : 14
 Total Traceable Variables  : 28
 Total Scalar Nets and Variables : 397
Total Line Count : 33

 Total Simulation Time: 0.01 sec

 Current Memory Usage: 256.84 Meg

Mon Nov 11 23:56:48 2019

