Command line:
   tb_isim_beh.exe
     -simmode  gui
     -simrunnum  1
     -socket  53583

Wed Nov  6 13:26:13 2019


 Elaboration Time: 0.01 sec

 Current Memory Usage: 181.346 Meg

 Total Signals          : 44
 Total Nets             : 49
 Total Signal Drivers   : 24
 Total Blocks           : 4
 Total Primitive Blocks : 2
 Total Processes        : 29
 Total Traceable Variables  : 32
 Total Scalar Nets and Variables : 409
Total Line Count : 60

 Total Simulation Time: 0.03 sec

 Current Memory Usage: 256.848 Meg

Wed Nov  6 13:26:23 2019

