Command line:
   screen_design_tb_isim_beh.exe
     -simmode  gui
     -simrunnum  1
     -socket  53969

Tue Nov 12 01:06:50 2019


 Elaboration Time: 0.01 sec

 Current Memory Usage: 181.342 Meg

 Total Signals          : 41
 Total Nets             : 52
 Total Signal Drivers   : 22
 Total Blocks           : 4
 Total Primitive Blocks : 2
 Total Processes        : 27
 Total Traceable Variables  : 32
 Total Scalar Nets and Variables : 416
Total Line Count : 55

 Total Simulation Time: 2.94 sec

 Current Memory Usage: 256.844 Meg

Tue Nov 12 01:07:02 2019

