Running: /home/shivansh/xilinx/ISE_DS/ISE/bin/lin64/unwrapped/fuse -intstyle ise -incremental -lib unisims_ver -lib unimacro_ver -lib xilinxcorelib_ver -o /home/shivansh/vlsi-project/vlsi-proj-new/pixel_itr_tb_isim_beh.exe -prj /home/shivansh/vlsi-project/vlsi-proj-new/pixel_itr_tb_beh.prj work.pixel_itr_tb work.glbl 
ISim O.87xd (signature 0x8ddf5b5d)
Number of CPUs detected in this system: 8
Turning on mult-threading, number of parallel sub-compilation jobs: 16 
Determining compilation order of HDL files
Analyzing Verilog file "/home/shivansh/vlsi-project/vlsi-proj-new/../pixel_itr.v" into library work
Analyzing Verilog file "/home/shivansh/vlsi-project/vlsi-proj-new/pixel_itr_tb.v" into library work
Analyzing Verilog file "/home/shivansh/xilinx/ISE_DS/ISE//verilog/src/glbl.v" into library work
Starting static elaboration
Completed static elaboration
Fuse Memory Usage: 95028 KB
Fuse CPU Usage: 880 ms
Compiling module pixel_itr
Compiling module pixel_itr_tb
Compiling module glbl
Time Resolution for simulation is 1ps.
Compiled 3 Verilog Units
Built simulation executable /home/shivansh/vlsi-project/vlsi-proj-new/pixel_itr_tb_isim_beh.exe
Fuse Memory Usage: 1179600 KB
Fuse CPU Usage: 900 ms
GCC CPU Usage: 290 ms
